Copyright 1986-2022 Xilinx, Inc. All Rights Reserved. Copyright 2022-2025 Advanced Micro Devices, Inc. All Rights Reserved.
---------------------------------------------------------------------------------------------------------------------------------------------
| Tool Version : Vivado v.2025.2 (lin64) Build 6299465 Fri Nov 14 12:34:56 MST 2025
| Date         : Mon Jun 15 18:21:27 2026
| Host         : VM running 64-bit Ubuntu 26.04 LTS
| Command      : report_utilization -file multi_symbol_top_utilization_placed.rpt -pb multi_symbol_top_utilization_placed.pb
| Design       : multi_symbol_top
| Device       : xcu200-fsgd2104-2-e
| Speed File   : -2
| Design State : Fully Placed
---------------------------------------------------------------------------------------------------------------------------------------------

Utilization Design Information

Table of Contents
-----------------
1. CLB Logic
1.1 Summary of Registers by Type
2. CLB Logic Distribution
3. BLOCKRAM
4. ARITHMETIC
5. I/O
6. CLOCK
7. ADVANCED
8. CONFIGURATION
9. Primitives
10. Black Boxes
11. Instantiated Netlists
12. SLR Connectivity
13. SLR Connectivity Matrix
14. SLR CLB Logic and Dedicated Block Utilization
15. SLR IO Utilization

1. CLB Logic
------------

+----------------------------+-------+-------+------------+-----------+-------+
|          Site Type         |  Used | Fixed | Prohibited | Available | Util% |
+----------------------------+-------+-------+------------+-----------+-------+
| CLB LUTs                   | 19942 |     0 |          0 |   1182240 |  1.69 |
|   LUT as Logic             | 19910 |     0 |          0 |   1182240 |  1.68 |
|   LUT as Memory            |    32 |     0 |          0 |    591840 | <0.01 |
|     LUT as Distributed RAM |    32 |     0 |            |           |       |
|     LUT as Shift Register  |     0 |     0 |            |           |       |
| CLB Registers              |  8984 |     0 |          0 |   2364480 |  0.38 |
|   Register as Flip Flop    |  8984 |     0 |          0 |   2364480 |  0.38 |
|   Register as Latch        |     0 |     0 |          0 |   2364480 |  0.00 |
| CARRY8                     |   710 |     0 |          0 |    147780 |  0.48 |
| F7 Muxes                   |   337 |     0 |          0 |    591120 |  0.06 |
| F8 Muxes                   |   162 |     0 |          0 |    295560 |  0.05 |
| F9 Muxes                   |     0 |     0 |          0 |    147780 |  0.00 |
| Unique Control Sets        |   211 |       |          0 |    295560 |  0.07 |
+----------------------------+-------+-------+------------+-----------+-------+
* Warning! LUT value is adjusted to account for LUT combining.
** Note: Available Control Sets calculated as Slices * 2, Review the Control Sets Report for more information regarding control sets.


1.1 Summary of Registers by Type
--------------------------------

+-------+--------------+-------------+--------------+
| Total | Clock Enable | Synchronous | Asynchronous |
+-------+--------------+-------------+--------------+
| 0     |            _ |           - |            - |
| 0     |            _ |           - |          Set |
| 0     |            _ |           - |        Reset |
| 0     |            _ |         Set |            - |
| 0     |            _ |       Reset |            - |
| 0     |          Yes |           - |            - |
| 0     |          Yes |           - |          Set |
| 7923  |          Yes |           - |        Reset |
| 0     |          Yes |         Set |            - |
| 1061  |          Yes |       Reset |            - |
+-------+--------------+-------------+--------------+


2. CLB Logic Distribution
-------------------------

+--------------------------------------------+-------+-------+------------+-----------+-------+
|                  Site Type                 |  Used | Fixed | Prohibited | Available | Util% |
+--------------------------------------------+-------+-------+------------+-----------+-------+
| CLB                                        |  3748 |     0 |          0 |    147780 |  2.54 |
|   CLBL                                     |  1902 |     0 |            |           |       |
|   CLBM                                     |  1846 |     0 |            |           |       |
| LUT as Logic                               | 19910 |     0 |          0 |   1182240 |  1.68 |
|   using O5 output only                     |   100 |       |            |           |       |
|   using O6 output only                     | 16290 |       |            |           |       |
|   using O5 and O6                          |  3520 |       |            |           |       |
| LUT as Memory                              |    32 |     0 |          0 |    591840 | <0.01 |
|   LUT as Distributed RAM                   |    32 |     0 |            |           |       |
|     using O5 output only                   |     0 |       |            |           |       |
|     using O6 output only                   |    32 |       |            |           |       |
|     using O5 and O6                        |     0 |       |            |           |       |
|   LUT as Shift Register                    |     0 |     0 |            |           |       |
|     using O5 output only                   |     0 |       |            |           |       |
|     using O6 output only                   |     0 |       |            |           |       |
|     using O5 and O6                        |     0 |       |            |           |       |
| CLB Registers                              |  8984 |     0 |          0 |   2364480 |  0.38 |
|   Register driven from within the CLB      |  5480 |       |            |           |       |
|   Register driven from outside the CLB     |  3504 |       |            |           |       |
|     LUT in front of the register is unused |  1628 |       |            |           |       |
|     LUT in front of the register is used   |  1876 |       |            |           |       |
+--------------------------------------------+-------+-------+------------+-----------+-------+


3. BLOCKRAM
-----------

+-------------------+------+-------+------------+-----------+-------+
|     Site Type     | Used | Fixed | Prohibited | Available | Util% |
+-------------------+------+-------+------------+-----------+-------+
| Block RAM Tile    |    8 |     0 |          0 |      2160 |  0.37 |
|   RAMB36/FIFO*    |    4 |     0 |          0 |      2160 |  0.19 |
|     RAMB36E2 only |    4 |       |            |           |       |
|   RAMB18          |    8 |     0 |          0 |      4320 |  0.19 |
|     RAMB18E2 only |    8 |       |            |           |       |
| URAM              |    0 |     0 |          0 |       960 |  0.00 |
+-------------------+------+-------+------------+-----------+-------+
* Note: Each Block RAM Tile only has one FIFO logic available and therefore can accommodate only one FIFO36E2 or one FIFO18E2. However, if a FIFO18E2 occupies a Block RAM Tile, that tile can still accommodate a RAMB18E2


4. ARITHMETIC
-------------

+-----------+------+-------+------------+-----------+-------+
| Site Type | Used | Fixed | Prohibited | Available | Util% |
+-----------+------+-------+------------+-----------+-------+
| DSPs      |    0 |     0 |          0 |      6840 |  0.00 |
+-----------+------+-------+------------+-----------+-------+


5. I/O
------

+------------------+------+-------+------------+-----------+-------+
|     Site Type    | Used | Fixed | Prohibited | Available | Util% |
+------------------+------+-------+------------+-----------+-------+
| Bonded IOB       |  165 |     0 |          0 |       676 | 24.41 |
|   HPIOB_M        |   79 |     0 |          0 |       312 | 25.32 |
|     INPUT        |   17 |       |            |           |       |
|     OUTPUT       |   62 |       |            |           |       |
|     BIDIR        |    0 |       |            |           |       |
|   HPIOB_S        |   78 |     0 |          0 |       312 | 25.00 |
|     INPUT        |   16 |       |            |           |       |
|     OUTPUT       |   62 |       |            |           |       |
|     BIDIR        |    0 |       |            |           |       |
|   HPIOB_SNGL     |    8 |     0 |          0 |        52 | 15.38 |
|     INPUT        |    4 |       |            |           |       |
|     OUTPUT       |    4 |       |            |           |       |
|     BIDIR        |    0 |       |            |           |       |
| HPIOBDIFFINBUF   |    0 |     0 |          0 |       720 |  0.00 |
| HPIOBDIFFOUTBUF  |    0 |     0 |          0 |       720 |  0.00 |
| BITSLICE_CONTROL |    0 |     0 |          0 |       240 |  0.00 |
| BITSLICE_RX_TX   |    0 |     0 |          0 |      9360 |  0.00 |
| BITSLICE_TX      |    0 |     0 |          0 |       240 |  0.00 |
| RIU_OR           |    0 |     0 |          0 |       120 |  0.00 |
+------------------+------+-------+------------+-----------+-------+


6. CLOCK
--------

+------------+------+-------+------------+-----------+-------+
|  Site Type | Used | Fixed | Prohibited | Available | Util% |
+------------+------+-------+------------+-----------+-------+
| BUFGCE     |    1 |     0 |          0 |       720 |  0.14 |
| BUFGCE_DIV |    0 |     0 |          0 |       120 |  0.00 |
| BUFG_GT    |    0 |     0 |          0 |       720 |  0.00 |
| BUFGCTRL*  |    0 |     0 |          0 |       240 |  0.00 |
| PLL        |    0 |     0 |          0 |        60 |  0.00 |
| MMCM       |    0 |     0 |          0 |        30 |  0.00 |
+------------+------+-------+------------+-----------+-------+
* Note: Each used BUFGCTRL counts as two GLOBAL CLOCK BUFFERs. This table does not include global clocking resources, only buffer cell usage. See the Clock Utilization Report (report_clock_utilization) for detailed accounting of global clocking resource availability.


7. ADVANCED
-----------

+-----------------+------+-------+------------+-----------+-------+
|    Site Type    | Used | Fixed | Prohibited | Available | Util% |
+-----------------+------+-------+------------+-----------+-------+
| CMACE4          |    0 |     0 |          0 |         9 |  0.00 |
| GTYE4_CHANNEL   |    0 |     0 |          0 |        24 |  0.00 |
| GTYE4_COMMON    |    0 |     0 |          0 |         6 |  0.00 |
| ILKNE4          |    0 |     0 |          0 |         9 |  0.00 |
| OBUFDS_GTE4     |    0 |     0 |          0 |        12 |  0.00 |
| OBUFDS_GTE4_ADV |    0 |     0 |          0 |        12 |  0.00 |
| PCIE40E4        |    0 |     0 |          0 |         6 |  0.00 |
| SYSMONE4        |    0 |     0 |          0 |         3 |  0.00 |
+-----------------+------+-------+------------+-----------+-------+


8. CONFIGURATION
----------------

+-------------+------+-------+------------+-----------+-------+
|  Site Type  | Used | Fixed | Prohibited | Available | Util% |
+-------------+------+-------+------------+-----------+-------+
| BSCANE2     |    0 |     0 |          0 |        12 |  0.00 |
| DNA_PORTE2  |    0 |     0 |          0 |         3 |  0.00 |
| EFUSE_USR   |    0 |     0 |          0 |         3 |  0.00 |
| FRAME_ECCE4 |    0 |     0 |          0 |         3 |  0.00 |
| ICAPE3      |    0 |     0 |          0 |         6 |  0.00 |
| MASTER_JTAG |    0 |     0 |          0 |         3 |  0.00 |
| STARTUPE3   |    0 |     0 |          0 |         3 |  0.00 |
+-------------+------+-------+------------+-----------+-------+


9. Primitives
-------------

+----------+-------+---------------------+
| Ref Name |  Used | Functional Category |
+----------+-------+---------------------+
| LUT6     | 10540 |                 CLB |
| FDCE     |  7923 |            Register |
| LUT4     |  4840 |                 CLB |
| LUT3     |  4076 |                 CLB |
| LUT2     |  1982 |                 CLB |
| LUT5     |  1907 |                 CLB |
| FDRE     |  1061 |            Register |
| CARRY8   |   710 |                 CLB |
| MUXF7    |   337 |                 CLB |
| MUXF8    |   162 |                 CLB |
| OBUF     |   128 |                 I/O |
| LUT1     |    85 |                 CLB |
| INBUF    |    37 |                 I/O |
| IBUFCTRL |    37 |              Others |
| RAMD64E  |    32 |                 CLB |
| RAMB18E2 |     8 |            BLOCKRAM |
| RAMB36E2 |     4 |            BLOCKRAM |
| BUFGCE   |     1 |               Clock |
+----------+-------+---------------------+


10. Black Boxes
---------------

+----------+------+
| Ref Name | Used |
+----------+------+


11. Instantiated Netlists
-------------------------

+----------+------+
| Ref Name | Used |
+----------+------+


12. SLR Connectivity
--------------------

+----------------------------------+------+-------+-----------+-------+
|                                  | Used | Fixed | Available | Util% |
+----------------------------------+------+-------+-----------+-------+
| SLR2 <-> SLR1                    |    0 |       |     17280 |  0.00 |
|   SLR1 -> SLR2                   |    0 |       |           |  0.00 |
|     Using TX_REG only            |    0 |     0 |           |       |
|     Using RX_REG only            |    0 |     0 |           |       |
|     Using Both TX_REG and RX_REG |    0 |     0 |           |       |
|   SLR2 -> SLR1                   |    0 |       |           |  0.00 |
|     Using TX_REG only            |    0 |     0 |           |       |
|     Using RX_REG only            |    0 |     0 |           |       |
|     Using Both TX_REG and RX_REG |    0 |     0 |           |       |
| SLR1 <-> SLR0                    |    0 |       |     17280 |  0.00 |
|   SLR0 -> SLR1                   |    0 |       |           |  0.00 |
|     Using TX_REG only            |    0 |     0 |           |       |
|     Using RX_REG only            |    0 |     0 |           |       |
|     Using Both TX_REG and RX_REG |    0 |     0 |           |       |
|   SLR1 -> SLR0                   |    0 |       |           |  0.00 |
|     Using TX_REG only            |    0 |     0 |           |       |
|     Using RX_REG only            |    0 |     0 |           |       |
|     Using Both TX_REG and RX_REG |    0 |     0 |           |       |
+----------------------------------+------+-------+-----------+-------+
| Total SLLs Used                  |    0 |       |           |       |
+----------------------------------+------+-------+-----------+-------+


13. SLR Connectivity Matrix
---------------------------

+-----------+------+------+------+
| FROM \ TO | SLR2 | SLR1 | SLR0 |
+-----------+------+------+------+
| SLR2      |    0 |    0 |    0 |
| SLR1      |    0 |    0 |    0 |
| SLR0      |    0 |    0 |    0 |
+-----------+------+------+------+


14. SLR CLB Logic and Dedicated Block Utilization
-------------------------------------------------

+----------------------------+------+-------+------+--------+--------+--------+
|          Site Type         | SLR0 |  SLR1 | SLR2 | SLR0 % | SLR1 % | SLR2 % |
+----------------------------+------+-------+------+--------+--------+--------+
| CLB                        |    0 |  3748 |    0 |   0.00 |   7.61 |   0.00 |
|   CLBL                     |    0 |  1902 |    0 |   0.00 |   7.73 |   0.00 |
|   CLBM                     |    0 |  1846 |    0 |   0.00 |   7.49 |   0.00 |
| CLB LUTs                   |    0 | 19942 |    0 |   0.00 |   5.06 |   0.00 |
|   LUT as Logic             |    0 | 19910 |    0 |   0.00 |   5.05 |   0.00 |
|     using O5 output only   |    0 |   100 |    0 |   0.00 |   0.03 |   0.00 |
|     using O6 output only   |    0 | 16290 |    0 |   0.00 |   4.13 |   0.00 |
|     using O5 and O6        |    0 |  3520 |    0 |   0.00 |   0.89 |   0.00 |
|   LUT as Memory            |    0 |    32 |    0 |   0.00 |   0.02 |   0.00 |
|     LUT as Distributed RAM |    0 |    32 |    0 |   0.00 |   0.02 |   0.00 |
|       using O6 output only |    0 |    32 |    0 |   0.00 |   0.02 |   0.00 |
|     LUT as Shift Register  |    0 |     0 |    0 |   0.00 |   0.00 |   0.00 |
| CLB Registers              |    0 |  8984 |    0 |   0.00 |   1.14 |   0.00 |
| CARRY8                     |    0 |   710 |    0 |   0.00 |   1.44 |   0.00 |
| F7 Muxes                   |    0 |   337 |    0 |   0.00 |   0.17 |   0.00 |
| F8 Muxes                   |    0 |   162 |    0 |   0.00 |   0.16 |   0.00 |
| F9 Muxes                   |    0 |     0 |    0 |   0.00 |   0.00 |   0.00 |
| Block RAM Tile             |    0 |     8 |    0 |   0.00 |   1.11 |   0.00 |
|   RAMB36/FIFO              |    0 |     4 |    0 |   0.00 |   0.56 |   0.00 |
|   RAMB18                   |    0 |     8 |    0 |   0.00 |   0.56 |   0.00 |
| URAM                       |    0 |     0 |    0 |   0.00 |   0.00 |   0.00 |
| DSPs                       |    0 |     0 |    0 |   0.00 |   0.00 |   0.00 |
| Unique Control Sets        |    0 |   211 |    0 |   0.00 |   0.21 |   0.00 |
+----------------------------+------+-------+------+--------+--------+--------+
* Note: Available Control Sets based on CLB Registers / 8


15. SLR IO Utilization
----------------------

+-----------+-----------+---------+------------+----------+------------+----------+-----+
| SLR Index | Used IOBs | (%)IOBs | Used IPADs | (%)IPADs | Used OPADs | (%)OPADs | GTs |
+-----------+-----------+---------+------------+----------+------------+----------+-----+
| SLR2      |         0 |    0.00 |          0 |     0.00 |          0 |     0.00 |   0 |
| SLR1      |       165 |   45.33 |          0 |     0.00 |          0 |     0.00 |   0 |
| SLR0      |         0 |    0.00 |          0 |     0.00 |          0 |     0.00 |   0 |
+-----------+-----------+---------+------------+----------+------------+----------+-----+
| Total     |       165 |         |          0 |          |          0 |          |   0 |
+-----------+-----------+---------+------------+----------+------------+----------+-----+


