Copyright 1986-2022 Xilinx, Inc. All Rights Reserved. Copyright 2022-2025 Advanced Micro Devices, Inc. All Rights Reserved.
-----------------------------------------------------------------------------------------------------------------------------------------------------------------------------------------
| Tool Version : Vivado v.2025.2 (lin64) Build 6299465 Fri Nov 14 12:34:56 MST 2025
| Date         : Tue Jun 16 01:10:59 2026
| Host         : VM running 64-bit Ubuntu 26.04 LTS
| Command      : report_methodology -file tick_to_trade_top_methodology_drc_routed.rpt -pb tick_to_trade_top_methodology_drc_routed.pb -rpx tick_to_trade_top_methodology_drc_routed.rpx
| Design       : tick_to_trade_top
| Device       : xcu200-fsgd2104-2-e
| Speed File   : -2
| Design State : Fully Routed
-----------------------------------------------------------------------------------------------------------------------------------------------------------------------------------------

Report Methodology

Table of Contents
-----------------
1. REPORT SUMMARY
2. REPORT DETAILS

1. REPORT SUMMARY
-----------------
            Netlist: netlist
          Floorplan: design_1
      Design limits: <entire design considered>
             Max checks: <unlimited>
             Checks found: 194
+---------+----------+--------------------------------------------+--------+
| Rule    | Severity | Description                                | Checks |
+---------+----------+--------------------------------------------+--------+
| SYNTH-6 | Warning  | Timing of a RAM block might be sub-optimal | 2      |
| XDCH-2  | Warning  | Same min and max delay values on IO port   | 192    |
+---------+----------+--------------------------------------------+--------+

2. REPORT DETAILS
-----------------
SYNTH-6#1 Warning
Timing of a RAM block might be sub-optimal  
The timing for the instance u_book/entries_reg[0][order_ref], implemented as a RAM block, might be sub-optimal as no output register was merged into the block.
Related violations: <none>

SYNTH-6#2 Warning
Timing of a RAM block might be sub-optimal  
The timing for the instance u_book/entries_reg[0][shares], implemented as a RAM block, might be sub-optimal as no output register was merged into the block.
Related violations: <none>

XDCH-2#1 Warning
Same min and max delay values on IO port  
The same input delay of 0.500 ns has been defined on port 'halt' relative to clock clk for both max and min. Make sure this reflects the design intent.
set_input_delay -clock clk 0.500 [get_ports * -filter {DIRECTION == IN && NAME != clk}]
/home/vboxuser/HFT/fpga-tick-to-trade/rtl/top.xdc (Line: 43)
Related violations: <none>

XDCH-2#2 Warning
Same min and max delay values on IO port  
The same input delay of 0.500 ns has been defined on port 'm_axis_tready' relative to clock clk for both max and min. Make sure this reflects the design intent.
set_input_delay -clock clk 0.500 [get_ports * -filter {DIRECTION == IN && NAME != clk}]
/home/vboxuser/HFT/fpga-tick-to-trade/rtl/top.xdc (Line: 43)
Related violations: <none>

XDCH-2#3 Warning
Same min and max delay values on IO port  
The same input delay of 0.500 ns has been defined on port 'rst_n' relative to clock clk for both max and min. Make sure this reflects the design intent.
set_input_delay -clock clk 0.500 [get_ports * -filter {DIRECTION == IN && NAME != clk}]
/home/vboxuser/HFT/fpga-tick-to-trade/rtl/top.xdc (Line: 43)
Related violations: <none>

XDCH-2#4 Warning
Same min and max delay values on IO port  
The same input delay of 0.500 ns has been defined on port 's_axil_araddr[0]' relative to clock clk for both max and min. Make sure this reflects the design intent.
set_input_delay -clock clk 0.500 [get_ports * -filter {DIRECTION == IN && NAME != clk}]
/home/vboxuser/HFT/fpga-tick-to-trade/rtl/top.xdc (Line: 43)
Related violations: <none>

XDCH-2#5 Warning
Same min and max delay values on IO port  
The same input delay of 0.500 ns has been defined on port 's_axil_araddr[1]' relative to clock clk for both max and min. Make sure this reflects the design intent.
set_input_delay -clock clk 0.500 [get_ports * -filter {DIRECTION == IN && NAME != clk}]
/home/vboxuser/HFT/fpga-tick-to-trade/rtl/top.xdc (Line: 43)
Related violations: <none>

XDCH-2#6 Warning
Same min and max delay values on IO port  
The same input delay of 0.500 ns has been defined on port 's_axil_araddr[2]' relative to clock clk for both max and min. Make sure this reflects the design intent.
set_input_delay -clock clk 0.500 [get_ports * -filter {DIRECTION == IN && NAME != clk}]
/home/vboxuser/HFT/fpga-tick-to-trade/rtl/top.xdc (Line: 43)
Related violations: <none>

XDCH-2#7 Warning
Same min and max delay values on IO port  
The same input delay of 0.500 ns has been defined on port 's_axil_araddr[3]' relative to clock clk for both max and min. Make sure this reflects the design intent.
set_input_delay -clock clk 0.500 [get_ports * -filter {DIRECTION == IN && NAME != clk}]
/home/vboxuser/HFT/fpga-tick-to-trade/rtl/top.xdc (Line: 43)
Related violations: <none>

XDCH-2#8 Warning
Same min and max delay values on IO port  
The same input delay of 0.500 ns has been defined on port 's_axil_araddr[4]' relative to clock clk for both max and min. Make sure this reflects the design intent.
set_input_delay -clock clk 0.500 [get_ports * -filter {DIRECTION == IN && NAME != clk}]
/home/vboxuser/HFT/fpga-tick-to-trade/rtl/top.xdc (Line: 43)
Related violations: <none>

XDCH-2#9 Warning
Same min and max delay values on IO port  
The same input delay of 0.500 ns has been defined on port 's_axil_araddr[5]' relative to clock clk for both max and min. Make sure this reflects the design intent.
set_input_delay -clock clk 0.500 [get_ports * -filter {DIRECTION == IN && NAME != clk}]
/home/vboxuser/HFT/fpga-tick-to-trade/rtl/top.xdc (Line: 43)
Related violations: <none>

XDCH-2#10 Warning
Same min and max delay values on IO port  
The same input delay of 0.500 ns has been defined on port 's_axil_araddr[6]' relative to clock clk for both max and min. Make sure this reflects the design intent.
set_input_delay -clock clk 0.500 [get_ports * -filter {DIRECTION == IN && NAME != clk}]
/home/vboxuser/HFT/fpga-tick-to-trade/rtl/top.xdc (Line: 43)
Related violations: <none>

XDCH-2#11 Warning
Same min and max delay values on IO port  
The same input delay of 0.500 ns has been defined on port 's_axil_araddr[7]' relative to clock clk for both max and min. Make sure this reflects the design intent.
set_input_delay -clock clk 0.500 [get_ports * -filter {DIRECTION == IN && NAME != clk}]
/home/vboxuser/HFT/fpga-tick-to-trade/rtl/top.xdc (Line: 43)
Related violations: <none>

XDCH-2#12 Warning
Same min and max delay values on IO port  
The same input delay of 0.500 ns has been defined on port 's_axil_araddr[8]' relative to clock clk for both max and min. Make sure this reflects the design intent.
set_input_delay -clock clk 0.500 [get_ports * -filter {DIRECTION == IN && NAME != clk}]
/home/vboxuser/HFT/fpga-tick-to-trade/rtl/top.xdc (Line: 43)
Related violations: <none>

XDCH-2#13 Warning
Same min and max delay values on IO port  
The same input delay of 0.500 ns has been defined on port 's_axil_arvalid' relative to clock clk for both max and min. Make sure this reflects the design intent.
set_input_delay -clock clk 0.500 [get_ports * -filter {DIRECTION == IN && NAME != clk}]
/home/vboxuser/HFT/fpga-tick-to-trade/rtl/top.xdc (Line: 43)
Related violations: <none>

XDCH-2#14 Warning
Same min and max delay values on IO port  
The same input delay of 0.500 ns has been defined on port 's_axil_awaddr[0]' relative to clock clk for both max and min. Make sure this reflects the design intent.
set_input_delay -clock clk 0.500 [get_ports * -filter {DIRECTION == IN && NAME != clk}]
/home/vboxuser/HFT/fpga-tick-to-trade/rtl/top.xdc (Line: 43)
Related violations: <none>

XDCH-2#15 Warning
Same min and max delay values on IO port  
The same input delay of 0.500 ns has been defined on port 's_axil_awaddr[1]' relative to clock clk for both max and min. Make sure this reflects the design intent.
set_input_delay -clock clk 0.500 [get_ports * -filter {DIRECTION == IN && NAME != clk}]
/home/vboxuser/HFT/fpga-tick-to-trade/rtl/top.xdc (Line: 43)
Related violations: <none>

XDCH-2#16 Warning
Same min and max delay values on IO port  
The same input delay of 0.500 ns has been defined on port 's_axil_awaddr[2]' relative to clock clk for both max and min. Make sure this reflects the design intent.
set_input_delay -clock clk 0.500 [get_ports * -filter {DIRECTION == IN && NAME != clk}]
/home/vboxuser/HFT/fpga-tick-to-trade/rtl/top.xdc (Line: 43)
Related violations: <none>

XDCH-2#17 Warning
Same min and max delay values on IO port  
The same input delay of 0.500 ns has been defined on port 's_axil_awaddr[3]' relative to clock clk for both max and min. Make sure this reflects the design intent.
set_input_delay -clock clk 0.500 [get_ports * -filter {DIRECTION == IN && NAME != clk}]
/home/vboxuser/HFT/fpga-tick-to-trade/rtl/top.xdc (Line: 43)
Related violations: <none>

XDCH-2#18 Warning
Same min and max delay values on IO port  
The same input delay of 0.500 ns has been defined on port 's_axil_awaddr[4]' relative to clock clk for both max and min. Make sure this reflects the design intent.
set_input_delay -clock clk 0.500 [get_ports * -filter {DIRECTION == IN && NAME != clk}]
/home/vboxuser/HFT/fpga-tick-to-trade/rtl/top.xdc (Line: 43)
Related violations: <none>

XDCH-2#19 Warning
Same min and max delay values on IO port  
The same input delay of 0.500 ns has been defined on port 's_axil_awaddr[5]' relative to clock clk for both max and min. Make sure this reflects the design intent.
set_input_delay -clock clk 0.500 [get_ports * -filter {DIRECTION == IN && NAME != clk}]
/home/vboxuser/HFT/fpga-tick-to-trade/rtl/top.xdc (Line: 43)
Related violations: <none>

XDCH-2#20 Warning
Same min and max delay values on IO port  
The same input delay of 0.500 ns has been defined on port 's_axil_awaddr[6]' relative to clock clk for both max and min. Make sure this reflects the design intent.
set_input_delay -clock clk 0.500 [get_ports * -filter {DIRECTION == IN && NAME != clk}]
/home/vboxuser/HFT/fpga-tick-to-trade/rtl/top.xdc (Line: 43)
Related violations: <none>

XDCH-2#21 Warning
Same min and max delay values on IO port  
The same input delay of 0.500 ns has been defined on port 's_axil_awaddr[7]' relative to clock clk for both max and min. Make sure this reflects the design intent.
set_input_delay -clock clk 0.500 [get_ports * -filter {DIRECTION == IN && NAME != clk}]
/home/vboxuser/HFT/fpga-tick-to-trade/rtl/top.xdc (Line: 43)
Related violations: <none>

XDCH-2#22 Warning
Same min and max delay values on IO port  
The same input delay of 0.500 ns has been defined on port 's_axil_awaddr[8]' relative to clock clk for both max and min. Make sure this reflects the design intent.
set_input_delay -clock clk 0.500 [get_ports * -filter {DIRECTION == IN && NAME != clk}]
/home/vboxuser/HFT/fpga-tick-to-trade/rtl/top.xdc (Line: 43)
Related violations: <none>

XDCH-2#23 Warning
Same min and max delay values on IO port  
The same input delay of 0.500 ns has been defined on port 's_axil_awvalid' relative to clock clk for both max and min. Make sure this reflects the design intent.
set_input_delay -clock clk 0.500 [get_ports * -filter {DIRECTION == IN && NAME != clk}]
/home/vboxuser/HFT/fpga-tick-to-trade/rtl/top.xdc (Line: 43)
Related violations: <none>

XDCH-2#24 Warning
Same min and max delay values on IO port  
The same input delay of 0.500 ns has been defined on port 's_axil_bready' relative to clock clk for both max and min. Make sure this reflects the design intent.
set_input_delay -clock clk 0.500 [get_ports * -filter {DIRECTION == IN && NAME != clk}]
/home/vboxuser/HFT/fpga-tick-to-trade/rtl/top.xdc (Line: 43)
Related violations: <none>

XDCH-2#25 Warning
Same min and max delay values on IO port  
The same input delay of 0.500 ns has been defined on port 's_axil_rready' relative to clock clk for both max and min. Make sure this reflects the design intent.
set_input_delay -clock clk 0.500 [get_ports * -filter {DIRECTION == IN && NAME != clk}]
/home/vboxuser/HFT/fpga-tick-to-trade/rtl/top.xdc (Line: 43)
Related violations: <none>

XDCH-2#26 Warning
Same min and max delay values on IO port  
The same input delay of 0.500 ns has been defined on port 's_axil_wdata[0]' relative to clock clk for both max and min. Make sure this reflects the design intent.
set_input_delay -clock clk 0.500 [get_ports * -filter {DIRECTION == IN && NAME != clk}]
/home/vboxuser/HFT/fpga-tick-to-trade/rtl/top.xdc (Line: 43)
Related violations: <none>

XDCH-2#27 Warning
Same min and max delay values on IO port  
The same input delay of 0.500 ns has been defined on port 's_axil_wdata[10]' relative to clock clk for both max and min. Make sure this reflects the design intent.
set_input_delay -clock clk 0.500 [get_ports * -filter {DIRECTION == IN && NAME != clk}]
/home/vboxuser/HFT/fpga-tick-to-trade/rtl/top.xdc (Line: 43)
Related violations: <none>

XDCH-2#28 Warning
Same min and max delay values on IO port  
The same input delay of 0.500 ns has been defined on port 's_axil_wdata[11]' relative to clock clk for both max and min. Make sure this reflects the design intent.
set_input_delay -clock clk 0.500 [get_ports * -filter {DIRECTION == IN && NAME != clk}]
/home/vboxuser/HFT/fpga-tick-to-trade/rtl/top.xdc (Line: 43)
Related violations: <none>

XDCH-2#29 Warning
Same min and max delay values on IO port  
The same input delay of 0.500 ns has been defined on port 's_axil_wdata[12]' relative to clock clk for both max and min. Make sure this reflects the design intent.
set_input_delay -clock clk 0.500 [get_ports * -filter {DIRECTION == IN && NAME != clk}]
/home/vboxuser/HFT/fpga-tick-to-trade/rtl/top.xdc (Line: 43)
Related violations: <none>

XDCH-2#30 Warning
Same min and max delay values on IO port  
The same input delay of 0.500 ns has been defined on port 's_axil_wdata[13]' relative to clock clk for both max and min. Make sure this reflects the design intent.
set_input_delay -clock clk 0.500 [get_ports * -filter {DIRECTION == IN && NAME != clk}]
/home/vboxuser/HFT/fpga-tick-to-trade/rtl/top.xdc (Line: 43)
Related violations: <none>

XDCH-2#31 Warning
Same min and max delay values on IO port  
The same input delay of 0.500 ns has been defined on port 's_axil_wdata[14]' relative to clock clk for both max and min. Make sure this reflects the design intent.
set_input_delay -clock clk 0.500 [get_ports * -filter {DIRECTION == IN && NAME != clk}]
/home/vboxuser/HFT/fpga-tick-to-trade/rtl/top.xdc (Line: 43)
Related violations: <none>

XDCH-2#32 Warning
Same min and max delay values on IO port  
The same input delay of 0.500 ns has been defined on port 's_axil_wdata[15]' relative to clock clk for both max and min. Make sure this reflects the design intent.
set_input_delay -clock clk 0.500 [get_ports * -filter {DIRECTION == IN && NAME != clk}]
/home/vboxuser/HFT/fpga-tick-to-trade/rtl/top.xdc (Line: 43)
Related violations: <none>

XDCH-2#33 Warning
Same min and max delay values on IO port  
The same input delay of 0.500 ns has been defined on port 's_axil_wdata[16]' relative to clock clk for both max and min. Make sure this reflects the design intent.
set_input_delay -clock clk 0.500 [get_ports * -filter {DIRECTION == IN && NAME != clk}]
/home/vboxuser/HFT/fpga-tick-to-trade/rtl/top.xdc (Line: 43)
Related violations: <none>

XDCH-2#34 Warning
Same min and max delay values on IO port  
The same input delay of 0.500 ns has been defined on port 's_axil_wdata[17]' relative to clock clk for both max and min. Make sure this reflects the design intent.
set_input_delay -clock clk 0.500 [get_ports * -filter {DIRECTION == IN && NAME != clk}]
/home/vboxuser/HFT/fpga-tick-to-trade/rtl/top.xdc (Line: 43)
Related violations: <none>

XDCH-2#35 Warning
Same min and max delay values on IO port  
The same input delay of 0.500 ns has been defined on port 's_axil_wdata[18]' relative to clock clk for both max and min. Make sure this reflects the design intent.
set_input_delay -clock clk 0.500 [get_ports * -filter {DIRECTION == IN && NAME != clk}]
/home/vboxuser/HFT/fpga-tick-to-trade/rtl/top.xdc (Line: 43)
Related violations: <none>

XDCH-2#36 Warning
Same min and max delay values on IO port  
The same input delay of 0.500 ns has been defined on port 's_axil_wdata[19]' relative to clock clk for both max and min. Make sure this reflects the design intent.
set_input_delay -clock clk 0.500 [get_ports * -filter {DIRECTION == IN && NAME != clk}]
/home/vboxuser/HFT/fpga-tick-to-trade/rtl/top.xdc (Line: 43)
Related violations: <none>

XDCH-2#37 Warning
Same min and max delay values on IO port  
The same input delay of 0.500 ns has been defined on port 's_axil_wdata[1]' relative to clock clk for both max and min. Make sure this reflects the design intent.
set_input_delay -clock clk 0.500 [get_ports * -filter {DIRECTION == IN && NAME != clk}]
/home/vboxuser/HFT/fpga-tick-to-trade/rtl/top.xdc (Line: 43)
Related violations: <none>

XDCH-2#38 Warning
Same min and max delay values on IO port  
The same input delay of 0.500 ns has been defined on port 's_axil_wdata[20]' relative to clock clk for both max and min. Make sure this reflects the design intent.
set_input_delay -clock clk 0.500 [get_ports * -filter {DIRECTION == IN && NAME != clk}]
/home/vboxuser/HFT/fpga-tick-to-trade/rtl/top.xdc (Line: 43)
Related violations: <none>

XDCH-2#39 Warning
Same min and max delay values on IO port  
The same input delay of 0.500 ns has been defined on port 's_axil_wdata[21]' relative to clock clk for both max and min. Make sure this reflects the design intent.
set_input_delay -clock clk 0.500 [get_ports * -filter {DIRECTION == IN && NAME != clk}]
/home/vboxuser/HFT/fpga-tick-to-trade/rtl/top.xdc (Line: 43)
Related violations: <none>

XDCH-2#40 Warning
Same min and max delay values on IO port  
The same input delay of 0.500 ns has been defined on port 's_axil_wdata[22]' relative to clock clk for both max and min. Make sure this reflects the design intent.
set_input_delay -clock clk 0.500 [get_ports * -filter {DIRECTION == IN && NAME != clk}]
/home/vboxuser/HFT/fpga-tick-to-trade/rtl/top.xdc (Line: 43)
Related violations: <none>

XDCH-2#41 Warning
Same min and max delay values on IO port  
The same input delay of 0.500 ns has been defined on port 's_axil_wdata[23]' relative to clock clk for both max and min. Make sure this reflects the design intent.
set_input_delay -clock clk 0.500 [get_ports * -filter {DIRECTION == IN && NAME != clk}]
/home/vboxuser/HFT/fpga-tick-to-trade/rtl/top.xdc (Line: 43)
Related violations: <none>

XDCH-2#42 Warning
Same min and max delay values on IO port  
The same input delay of 0.500 ns has been defined on port 's_axil_wdata[24]' relative to clock clk for both max and min. Make sure this reflects the design intent.
set_input_delay -clock clk 0.500 [get_ports * -filter {DIRECTION == IN && NAME != clk}]
/home/vboxuser/HFT/fpga-tick-to-trade/rtl/top.xdc (Line: 43)
Related violations: <none>

XDCH-2#43 Warning
Same min and max delay values on IO port  
The same input delay of 0.500 ns has been defined on port 's_axil_wdata[25]' relative to clock clk for both max and min. Make sure this reflects the design intent.
set_input_delay -clock clk 0.500 [get_ports * -filter {DIRECTION == IN && NAME != clk}]
/home/vboxuser/HFT/fpga-tick-to-trade/rtl/top.xdc (Line: 43)
Related violations: <none>

XDCH-2#44 Warning
Same min and max delay values on IO port  
The same input delay of 0.500 ns has been defined on port 's_axil_wdata[26]' relative to clock clk for both max and min. Make sure this reflects the design intent.
set_input_delay -clock clk 0.500 [get_ports * -filter {DIRECTION == IN && NAME != clk}]
/home/vboxuser/HFT/fpga-tick-to-trade/rtl/top.xdc (Line: 43)
Related violations: <none>

XDCH-2#45 Warning
Same min and max delay values on IO port  
The same input delay of 0.500 ns has been defined on port 's_axil_wdata[27]' relative to clock clk for both max and min. Make sure this reflects the design intent.
set_input_delay -clock clk 0.500 [get_ports * -filter {DIRECTION == IN && NAME != clk}]
/home/vboxuser/HFT/fpga-tick-to-trade/rtl/top.xdc (Line: 43)
Related violations: <none>

XDCH-2#46 Warning
Same min and max delay values on IO port  
The same input delay of 0.500 ns has been defined on port 's_axil_wdata[28]' relative to clock clk for both max and min. Make sure this reflects the design intent.
set_input_delay -clock clk 0.500 [get_ports * -filter {DIRECTION == IN && NAME != clk}]
/home/vboxuser/HFT/fpga-tick-to-trade/rtl/top.xdc (Line: 43)
Related violations: <none>

XDCH-2#47 Warning
Same min and max delay values on IO port  
The same input delay of 0.500 ns has been defined on port 's_axil_wdata[29]' relative to clock clk for both max and min. Make sure this reflects the design intent.
set_input_delay -clock clk 0.500 [get_ports * -filter {DIRECTION == IN && NAME != clk}]
/home/vboxuser/HFT/fpga-tick-to-trade/rtl/top.xdc (Line: 43)
Related violations: <none>

XDCH-2#48 Warning
Same min and max delay values on IO port  
The same input delay of 0.500 ns has been defined on port 's_axil_wdata[2]' relative to clock clk for both max and min. Make sure this reflects the design intent.
set_input_delay -clock clk 0.500 [get_ports * -filter {DIRECTION == IN && NAME != clk}]
/home/vboxuser/HFT/fpga-tick-to-trade/rtl/top.xdc (Line: 43)
Related violations: <none>

XDCH-2#49 Warning
Same min and max delay values on IO port  
The same input delay of 0.500 ns has been defined on port 's_axil_wdata[30]' relative to clock clk for both max and min. Make sure this reflects the design intent.
set_input_delay -clock clk 0.500 [get_ports * -filter {DIRECTION == IN && NAME != clk}]
/home/vboxuser/HFT/fpga-tick-to-trade/rtl/top.xdc (Line: 43)
Related violations: <none>

XDCH-2#50 Warning
Same min and max delay values on IO port  
The same input delay of 0.500 ns has been defined on port 's_axil_wdata[31]' relative to clock clk for both max and min. Make sure this reflects the design intent.
set_input_delay -clock clk 0.500 [get_ports * -filter {DIRECTION == IN && NAME != clk}]
/home/vboxuser/HFT/fpga-tick-to-trade/rtl/top.xdc (Line: 43)
Related violations: <none>

XDCH-2#51 Warning
Same min and max delay values on IO port  
The same input delay of 0.500 ns has been defined on port 's_axil_wdata[3]' relative to clock clk for both max and min. Make sure this reflects the design intent.
set_input_delay -clock clk 0.500 [get_ports * -filter {DIRECTION == IN && NAME != clk}]
/home/vboxuser/HFT/fpga-tick-to-trade/rtl/top.xdc (Line: 43)
Related violations: <none>

XDCH-2#52 Warning
Same min and max delay values on IO port  
The same input delay of 0.500 ns has been defined on port 's_axil_wdata[4]' relative to clock clk for both max and min. Make sure this reflects the design intent.
set_input_delay -clock clk 0.500 [get_ports * -filter {DIRECTION == IN && NAME != clk}]
/home/vboxuser/HFT/fpga-tick-to-trade/rtl/top.xdc (Line: 43)
Related violations: <none>

XDCH-2#53 Warning
Same min and max delay values on IO port  
The same input delay of 0.500 ns has been defined on port 's_axil_wdata[5]' relative to clock clk for both max and min. Make sure this reflects the design intent.
set_input_delay -clock clk 0.500 [get_ports * -filter {DIRECTION == IN && NAME != clk}]
/home/vboxuser/HFT/fpga-tick-to-trade/rtl/top.xdc (Line: 43)
Related violations: <none>

XDCH-2#54 Warning
Same min and max delay values on IO port  
The same input delay of 0.500 ns has been defined on port 's_axil_wdata[6]' relative to clock clk for both max and min. Make sure this reflects the design intent.
set_input_delay -clock clk 0.500 [get_ports * -filter {DIRECTION == IN && NAME != clk}]
/home/vboxuser/HFT/fpga-tick-to-trade/rtl/top.xdc (Line: 43)
Related violations: <none>

XDCH-2#55 Warning
Same min and max delay values on IO port  
The same input delay of 0.500 ns has been defined on port 's_axil_wdata[7]' relative to clock clk for both max and min. Make sure this reflects the design intent.
set_input_delay -clock clk 0.500 [get_ports * -filter {DIRECTION == IN && NAME != clk}]
/home/vboxuser/HFT/fpga-tick-to-trade/rtl/top.xdc (Line: 43)
Related violations: <none>

XDCH-2#56 Warning
Same min and max delay values on IO port  
The same input delay of 0.500 ns has been defined on port 's_axil_wdata[8]' relative to clock clk for both max and min. Make sure this reflects the design intent.
set_input_delay -clock clk 0.500 [get_ports * -filter {DIRECTION == IN && NAME != clk}]
/home/vboxuser/HFT/fpga-tick-to-trade/rtl/top.xdc (Line: 43)
Related violations: <none>

XDCH-2#57 Warning
Same min and max delay values on IO port  
The same input delay of 0.500 ns has been defined on port 's_axil_wdata[9]' relative to clock clk for both max and min. Make sure this reflects the design intent.
set_input_delay -clock clk 0.500 [get_ports * -filter {DIRECTION == IN && NAME != clk}]
/home/vboxuser/HFT/fpga-tick-to-trade/rtl/top.xdc (Line: 43)
Related violations: <none>

XDCH-2#58 Warning
Same min and max delay values on IO port  
The same input delay of 0.500 ns has been defined on port 's_axil_wstrb[0]' relative to clock clk for both max and min. Make sure this reflects the design intent.
set_input_delay -clock clk 0.500 [get_ports * -filter {DIRECTION == IN && NAME != clk}]
/home/vboxuser/HFT/fpga-tick-to-trade/rtl/top.xdc (Line: 43)
Related violations: <none>

XDCH-2#59 Warning
Same min and max delay values on IO port  
The same input delay of 0.500 ns has been defined on port 's_axil_wstrb[1]' relative to clock clk for both max and min. Make sure this reflects the design intent.
set_input_delay -clock clk 0.500 [get_ports * -filter {DIRECTION == IN && NAME != clk}]
/home/vboxuser/HFT/fpga-tick-to-trade/rtl/top.xdc (Line: 43)
Related violations: <none>

XDCH-2#60 Warning
Same min and max delay values on IO port  
The same input delay of 0.500 ns has been defined on port 's_axil_wstrb[2]' relative to clock clk for both max and min. Make sure this reflects the design intent.
set_input_delay -clock clk 0.500 [get_ports * -filter {DIRECTION == IN && NAME != clk}]
/home/vboxuser/HFT/fpga-tick-to-trade/rtl/top.xdc (Line: 43)
Related violations: <none>

XDCH-2#61 Warning
Same min and max delay values on IO port  
The same input delay of 0.500 ns has been defined on port 's_axil_wstrb[3]' relative to clock clk for both max and min. Make sure this reflects the design intent.
set_input_delay -clock clk 0.500 [get_ports * -filter {DIRECTION == IN && NAME != clk}]
/home/vboxuser/HFT/fpga-tick-to-trade/rtl/top.xdc (Line: 43)
Related violations: <none>

XDCH-2#62 Warning
Same min and max delay values on IO port  
The same input delay of 0.500 ns has been defined on port 's_axil_wvalid' relative to clock clk for both max and min. Make sure this reflects the design intent.
set_input_delay -clock clk 0.500 [get_ports * -filter {DIRECTION == IN && NAME != clk}]
/home/vboxuser/HFT/fpga-tick-to-trade/rtl/top.xdc (Line: 43)
Related violations: <none>

XDCH-2#63 Warning
Same min and max delay values on IO port  
The same input delay of 0.500 ns has been defined on port 's_axis_tdata[0]' relative to clock clk for both max and min. Make sure this reflects the design intent.
set_input_delay -clock clk 0.500 [get_ports * -filter {DIRECTION == IN && NAME != clk}]
/home/vboxuser/HFT/fpga-tick-to-trade/rtl/top.xdc (Line: 43)
Related violations: <none>

XDCH-2#64 Warning
Same min and max delay values on IO port  
The same input delay of 0.500 ns has been defined on port 's_axis_tdata[1]' relative to clock clk for both max and min. Make sure this reflects the design intent.
set_input_delay -clock clk 0.500 [get_ports * -filter {DIRECTION == IN && NAME != clk}]
/home/vboxuser/HFT/fpga-tick-to-trade/rtl/top.xdc (Line: 43)
Related violations: <none>

XDCH-2#65 Warning
Same min and max delay values on IO port  
The same input delay of 0.500 ns has been defined on port 's_axis_tdata[2]' relative to clock clk for both max and min. Make sure this reflects the design intent.
set_input_delay -clock clk 0.500 [get_ports * -filter {DIRECTION == IN && NAME != clk}]
/home/vboxuser/HFT/fpga-tick-to-trade/rtl/top.xdc (Line: 43)
Related violations: <none>

XDCH-2#66 Warning
Same min and max delay values on IO port  
The same input delay of 0.500 ns has been defined on port 's_axis_tdata[3]' relative to clock clk for both max and min. Make sure this reflects the design intent.
set_input_delay -clock clk 0.500 [get_ports * -filter {DIRECTION == IN && NAME != clk}]
/home/vboxuser/HFT/fpga-tick-to-trade/rtl/top.xdc (Line: 43)
Related violations: <none>

XDCH-2#67 Warning
Same min and max delay values on IO port  
The same input delay of 0.500 ns has been defined on port 's_axis_tdata[4]' relative to clock clk for both max and min. Make sure this reflects the design intent.
set_input_delay -clock clk 0.500 [get_ports * -filter {DIRECTION == IN && NAME != clk}]
/home/vboxuser/HFT/fpga-tick-to-trade/rtl/top.xdc (Line: 43)
Related violations: <none>

XDCH-2#68 Warning
Same min and max delay values on IO port  
The same input delay of 0.500 ns has been defined on port 's_axis_tdata[5]' relative to clock clk for both max and min. Make sure this reflects the design intent.
set_input_delay -clock clk 0.500 [get_ports * -filter {DIRECTION == IN && NAME != clk}]
/home/vboxuser/HFT/fpga-tick-to-trade/rtl/top.xdc (Line: 43)
Related violations: <none>

XDCH-2#69 Warning
Same min and max delay values on IO port  
The same input delay of 0.500 ns has been defined on port 's_axis_tdata[6]' relative to clock clk for both max and min. Make sure this reflects the design intent.
set_input_delay -clock clk 0.500 [get_ports * -filter {DIRECTION == IN && NAME != clk}]
/home/vboxuser/HFT/fpga-tick-to-trade/rtl/top.xdc (Line: 43)
Related violations: <none>

XDCH-2#70 Warning
Same min and max delay values on IO port  
The same input delay of 0.500 ns has been defined on port 's_axis_tdata[7]' relative to clock clk for both max and min. Make sure this reflects the design intent.
set_input_delay -clock clk 0.500 [get_ports * -filter {DIRECTION == IN && NAME != clk}]
/home/vboxuser/HFT/fpga-tick-to-trade/rtl/top.xdc (Line: 43)
Related violations: <none>

XDCH-2#71 Warning
Same min and max delay values on IO port  
The same input delay of 0.500 ns has been defined on port 's_axis_tlast' relative to clock clk for both max and min. Make sure this reflects the design intent.
set_input_delay -clock clk 0.500 [get_ports * -filter {DIRECTION == IN && NAME != clk}]
/home/vboxuser/HFT/fpga-tick-to-trade/rtl/top.xdc (Line: 43)
Related violations: <none>

XDCH-2#72 Warning
Same min and max delay values on IO port  
The same input delay of 0.500 ns has been defined on port 's_axis_tvalid' relative to clock clk for both max and min. Make sure this reflects the design intent.
set_input_delay -clock clk 0.500 [get_ports * -filter {DIRECTION == IN && NAME != clk}]
/home/vboxuser/HFT/fpga-tick-to-trade/rtl/top.xdc (Line: 43)
Related violations: <none>

XDCH-2#73 Warning
Same min and max delay values on IO port  
The same output delay of 0.500 ns has been defined on port 'm_axis_tdata[0]' relative to clock clk for both max and min. Make sure this reflects the design intent.
set_output_delay -clock clk 0.500 [all_outputs]
/home/vboxuser/HFT/fpga-tick-to-trade/rtl/top.xdc (Line: 46)
Related violations: <none>

XDCH-2#74 Warning
Same min and max delay values on IO port  
The same output delay of 0.500 ns has been defined on port 'm_axis_tdata[10]' relative to clock clk for both max and min. Make sure this reflects the design intent.
set_output_delay -clock clk 0.500 [all_outputs]
/home/vboxuser/HFT/fpga-tick-to-trade/rtl/top.xdc (Line: 46)
Related violations: <none>

XDCH-2#75 Warning
Same min and max delay values on IO port  
The same output delay of 0.500 ns has been defined on port 'm_axis_tdata[11]' relative to clock clk for both max and min. Make sure this reflects the design intent.
set_output_delay -clock clk 0.500 [all_outputs]
/home/vboxuser/HFT/fpga-tick-to-trade/rtl/top.xdc (Line: 46)
Related violations: <none>

XDCH-2#76 Warning
Same min and max delay values on IO port  
The same output delay of 0.500 ns has been defined on port 'm_axis_tdata[12]' relative to clock clk for both max and min. Make sure this reflects the design intent.
set_output_delay -clock clk 0.500 [all_outputs]
/home/vboxuser/HFT/fpga-tick-to-trade/rtl/top.xdc (Line: 46)
Related violations: <none>

XDCH-2#77 Warning
Same min and max delay values on IO port  
The same output delay of 0.500 ns has been defined on port 'm_axis_tdata[13]' relative to clock clk for both max and min. Make sure this reflects the design intent.
set_output_delay -clock clk 0.500 [all_outputs]
/home/vboxuser/HFT/fpga-tick-to-trade/rtl/top.xdc (Line: 46)
Related violations: <none>

XDCH-2#78 Warning
Same min and max delay values on IO port  
The same output delay of 0.500 ns has been defined on port 'm_axis_tdata[14]' relative to clock clk for both max and min. Make sure this reflects the design intent.
set_output_delay -clock clk 0.500 [all_outputs]
/home/vboxuser/HFT/fpga-tick-to-trade/rtl/top.xdc (Line: 46)
Related violations: <none>

XDCH-2#79 Warning
Same min and max delay values on IO port  
The same output delay of 0.500 ns has been defined on port 'm_axis_tdata[15]' relative to clock clk for both max and min. Make sure this reflects the design intent.
set_output_delay -clock clk 0.500 [all_outputs]
/home/vboxuser/HFT/fpga-tick-to-trade/rtl/top.xdc (Line: 46)
Related violations: <none>

XDCH-2#80 Warning
Same min and max delay values on IO port  
The same output delay of 0.500 ns has been defined on port 'm_axis_tdata[16]' relative to clock clk for both max and min. Make sure this reflects the design intent.
set_output_delay -clock clk 0.500 [all_outputs]
/home/vboxuser/HFT/fpga-tick-to-trade/rtl/top.xdc (Line: 46)
Related violations: <none>

XDCH-2#81 Warning
Same min and max delay values on IO port  
The same output delay of 0.500 ns has been defined on port 'm_axis_tdata[17]' relative to clock clk for both max and min. Make sure this reflects the design intent.
set_output_delay -clock clk 0.500 [all_outputs]
/home/vboxuser/HFT/fpga-tick-to-trade/rtl/top.xdc (Line: 46)
Related violations: <none>

XDCH-2#82 Warning
Same min and max delay values on IO port  
The same output delay of 0.500 ns has been defined on port 'm_axis_tdata[18]' relative to clock clk for both max and min. Make sure this reflects the design intent.
set_output_delay -clock clk 0.500 [all_outputs]
/home/vboxuser/HFT/fpga-tick-to-trade/rtl/top.xdc (Line: 46)
Related violations: <none>

XDCH-2#83 Warning
Same min and max delay values on IO port  
The same output delay of 0.500 ns has been defined on port 'm_axis_tdata[19]' relative to clock clk for both max and min. Make sure this reflects the design intent.
set_output_delay -clock clk 0.500 [all_outputs]
/home/vboxuser/HFT/fpga-tick-to-trade/rtl/top.xdc (Line: 46)
Related violations: <none>

XDCH-2#84 Warning
Same min and max delay values on IO port  
The same output delay of 0.500 ns has been defined on port 'm_axis_tdata[1]' relative to clock clk for both max and min. Make sure this reflects the design intent.
set_output_delay -clock clk 0.500 [all_outputs]
/home/vboxuser/HFT/fpga-tick-to-trade/rtl/top.xdc (Line: 46)
Related violations: <none>

XDCH-2#85 Warning
Same min and max delay values on IO port  
The same output delay of 0.500 ns has been defined on port 'm_axis_tdata[20]' relative to clock clk for both max and min. Make sure this reflects the design intent.
set_output_delay -clock clk 0.500 [all_outputs]
/home/vboxuser/HFT/fpga-tick-to-trade/rtl/top.xdc (Line: 46)
Related violations: <none>

XDCH-2#86 Warning
Same min and max delay values on IO port  
The same output delay of 0.500 ns has been defined on port 'm_axis_tdata[21]' relative to clock clk for both max and min. Make sure this reflects the design intent.
set_output_delay -clock clk 0.500 [all_outputs]
/home/vboxuser/HFT/fpga-tick-to-trade/rtl/top.xdc (Line: 46)
Related violations: <none>

XDCH-2#87 Warning
Same min and max delay values on IO port  
The same output delay of 0.500 ns has been defined on port 'm_axis_tdata[22]' relative to clock clk for both max and min. Make sure this reflects the design intent.
set_output_delay -clock clk 0.500 [all_outputs]
/home/vboxuser/HFT/fpga-tick-to-trade/rtl/top.xdc (Line: 46)
Related violations: <none>

XDCH-2#88 Warning
Same min and max delay values on IO port  
The same output delay of 0.500 ns has been defined on port 'm_axis_tdata[23]' relative to clock clk for both max and min. Make sure this reflects the design intent.
set_output_delay -clock clk 0.500 [all_outputs]
/home/vboxuser/HFT/fpga-tick-to-trade/rtl/top.xdc (Line: 46)
Related violations: <none>

XDCH-2#89 Warning
Same min and max delay values on IO port  
The same output delay of 0.500 ns has been defined on port 'm_axis_tdata[24]' relative to clock clk for both max and min. Make sure this reflects the design intent.
set_output_delay -clock clk 0.500 [all_outputs]
/home/vboxuser/HFT/fpga-tick-to-trade/rtl/top.xdc (Line: 46)
Related violations: <none>

XDCH-2#90 Warning
Same min and max delay values on IO port  
The same output delay of 0.500 ns has been defined on port 'm_axis_tdata[25]' relative to clock clk for both max and min. Make sure this reflects the design intent.
set_output_delay -clock clk 0.500 [all_outputs]
/home/vboxuser/HFT/fpga-tick-to-trade/rtl/top.xdc (Line: 46)
Related violations: <none>

XDCH-2#91 Warning
Same min and max delay values on IO port  
The same output delay of 0.500 ns has been defined on port 'm_axis_tdata[26]' relative to clock clk for both max and min. Make sure this reflects the design intent.
set_output_delay -clock clk 0.500 [all_outputs]
/home/vboxuser/HFT/fpga-tick-to-trade/rtl/top.xdc (Line: 46)
Related violations: <none>

XDCH-2#92 Warning
Same min and max delay values on IO port  
The same output delay of 0.500 ns has been defined on port 'm_axis_tdata[27]' relative to clock clk for both max and min. Make sure this reflects the design intent.
set_output_delay -clock clk 0.500 [all_outputs]
/home/vboxuser/HFT/fpga-tick-to-trade/rtl/top.xdc (Line: 46)
Related violations: <none>

XDCH-2#93 Warning
Same min and max delay values on IO port  
The same output delay of 0.500 ns has been defined on port 'm_axis_tdata[28]' relative to clock clk for both max and min. Make sure this reflects the design intent.
set_output_delay -clock clk 0.500 [all_outputs]
/home/vboxuser/HFT/fpga-tick-to-trade/rtl/top.xdc (Line: 46)
Related violations: <none>

XDCH-2#94 Warning
Same min and max delay values on IO port  
The same output delay of 0.500 ns has been defined on port 'm_axis_tdata[29]' relative to clock clk for both max and min. Make sure this reflects the design intent.
set_output_delay -clock clk 0.500 [all_outputs]
/home/vboxuser/HFT/fpga-tick-to-trade/rtl/top.xdc (Line: 46)
Related violations: <none>

XDCH-2#95 Warning
Same min and max delay values on IO port  
The same output delay of 0.500 ns has been defined on port 'm_axis_tdata[2]' relative to clock clk for both max and min. Make sure this reflects the design intent.
set_output_delay -clock clk 0.500 [all_outputs]
/home/vboxuser/HFT/fpga-tick-to-trade/rtl/top.xdc (Line: 46)
Related violations: <none>

XDCH-2#96 Warning
Same min and max delay values on IO port  
The same output delay of 0.500 ns has been defined on port 'm_axis_tdata[30]' relative to clock clk for both max and min. Make sure this reflects the design intent.
set_output_delay -clock clk 0.500 [all_outputs]
/home/vboxuser/HFT/fpga-tick-to-trade/rtl/top.xdc (Line: 46)
Related violations: <none>

XDCH-2#97 Warning
Same min and max delay values on IO port  
The same output delay of 0.500 ns has been defined on port 'm_axis_tdata[31]' relative to clock clk for both max and min. Make sure this reflects the design intent.
set_output_delay -clock clk 0.500 [all_outputs]
/home/vboxuser/HFT/fpga-tick-to-trade/rtl/top.xdc (Line: 46)
Related violations: <none>

XDCH-2#98 Warning
Same min and max delay values on IO port  
The same output delay of 0.500 ns has been defined on port 'm_axis_tdata[32]' relative to clock clk for both max and min. Make sure this reflects the design intent.
set_output_delay -clock clk 0.500 [all_outputs]
/home/vboxuser/HFT/fpga-tick-to-trade/rtl/top.xdc (Line: 46)
Related violations: <none>

XDCH-2#99 Warning
Same min and max delay values on IO port  
The same output delay of 0.500 ns has been defined on port 'm_axis_tdata[33]' relative to clock clk for both max and min. Make sure this reflects the design intent.
set_output_delay -clock clk 0.500 [all_outputs]
/home/vboxuser/HFT/fpga-tick-to-trade/rtl/top.xdc (Line: 46)
Related violations: <none>

XDCH-2#100 Warning
Same min and max delay values on IO port  
The same output delay of 0.500 ns has been defined on port 'm_axis_tdata[34]' relative to clock clk for both max and min. Make sure this reflects the design intent.
set_output_delay -clock clk 0.500 [all_outputs]
/home/vboxuser/HFT/fpga-tick-to-trade/rtl/top.xdc (Line: 46)
Related violations: <none>

XDCH-2#101 Warning
Same min and max delay values on IO port  
The same output delay of 0.500 ns has been defined on port 'm_axis_tdata[35]' relative to clock clk for both max and min. Make sure this reflects the design intent.
set_output_delay -clock clk 0.500 [all_outputs]
/home/vboxuser/HFT/fpga-tick-to-trade/rtl/top.xdc (Line: 46)
Related violations: <none>

XDCH-2#102 Warning
Same min and max delay values on IO port  
The same output delay of 0.500 ns has been defined on port 'm_axis_tdata[36]' relative to clock clk for both max and min. Make sure this reflects the design intent.
set_output_delay -clock clk 0.500 [all_outputs]
/home/vboxuser/HFT/fpga-tick-to-trade/rtl/top.xdc (Line: 46)
Related violations: <none>

XDCH-2#103 Warning
Same min and max delay values on IO port  
The same output delay of 0.500 ns has been defined on port 'm_axis_tdata[37]' relative to clock clk for both max and min. Make sure this reflects the design intent.
set_output_delay -clock clk 0.500 [all_outputs]
/home/vboxuser/HFT/fpga-tick-to-trade/rtl/top.xdc (Line: 46)
Related violations: <none>

XDCH-2#104 Warning
Same min and max delay values on IO port  
The same output delay of 0.500 ns has been defined on port 'm_axis_tdata[38]' relative to clock clk for both max and min. Make sure this reflects the design intent.
set_output_delay -clock clk 0.500 [all_outputs]
/home/vboxuser/HFT/fpga-tick-to-trade/rtl/top.xdc (Line: 46)
Related violations: <none>

XDCH-2#105 Warning
Same min and max delay values on IO port  
The same output delay of 0.500 ns has been defined on port 'm_axis_tdata[39]' relative to clock clk for both max and min. Make sure this reflects the design intent.
set_output_delay -clock clk 0.500 [all_outputs]
/home/vboxuser/HFT/fpga-tick-to-trade/rtl/top.xdc (Line: 46)
Related violations: <none>

XDCH-2#106 Warning
Same min and max delay values on IO port  
The same output delay of 0.500 ns has been defined on port 'm_axis_tdata[3]' relative to clock clk for both max and min. Make sure this reflects the design intent.
set_output_delay -clock clk 0.500 [all_outputs]
/home/vboxuser/HFT/fpga-tick-to-trade/rtl/top.xdc (Line: 46)
Related violations: <none>

XDCH-2#107 Warning
Same min and max delay values on IO port  
The same output delay of 0.500 ns has been defined on port 'm_axis_tdata[40]' relative to clock clk for both max and min. Make sure this reflects the design intent.
set_output_delay -clock clk 0.500 [all_outputs]
/home/vboxuser/HFT/fpga-tick-to-trade/rtl/top.xdc (Line: 46)
Related violations: <none>

XDCH-2#108 Warning
Same min and max delay values on IO port  
The same output delay of 0.500 ns has been defined on port 'm_axis_tdata[41]' relative to clock clk for both max and min. Make sure this reflects the design intent.
set_output_delay -clock clk 0.500 [all_outputs]
/home/vboxuser/HFT/fpga-tick-to-trade/rtl/top.xdc (Line: 46)
Related violations: <none>

XDCH-2#109 Warning
Same min and max delay values on IO port  
The same output delay of 0.500 ns has been defined on port 'm_axis_tdata[42]' relative to clock clk for both max and min. Make sure this reflects the design intent.
set_output_delay -clock clk 0.500 [all_outputs]
/home/vboxuser/HFT/fpga-tick-to-trade/rtl/top.xdc (Line: 46)
Related violations: <none>

XDCH-2#110 Warning
Same min and max delay values on IO port  
The same output delay of 0.500 ns has been defined on port 'm_axis_tdata[43]' relative to clock clk for both max and min. Make sure this reflects the design intent.
set_output_delay -clock clk 0.500 [all_outputs]
/home/vboxuser/HFT/fpga-tick-to-trade/rtl/top.xdc (Line: 46)
Related violations: <none>

XDCH-2#111 Warning
Same min and max delay values on IO port  
The same output delay of 0.500 ns has been defined on port 'm_axis_tdata[44]' relative to clock clk for both max and min. Make sure this reflects the design intent.
set_output_delay -clock clk 0.500 [all_outputs]
/home/vboxuser/HFT/fpga-tick-to-trade/rtl/top.xdc (Line: 46)
Related violations: <none>

XDCH-2#112 Warning
Same min and max delay values on IO port  
The same output delay of 0.500 ns has been defined on port 'm_axis_tdata[45]' relative to clock clk for both max and min. Make sure this reflects the design intent.
set_output_delay -clock clk 0.500 [all_outputs]
/home/vboxuser/HFT/fpga-tick-to-trade/rtl/top.xdc (Line: 46)
Related violations: <none>

XDCH-2#113 Warning
Same min and max delay values on IO port  
The same output delay of 0.500 ns has been defined on port 'm_axis_tdata[46]' relative to clock clk for both max and min. Make sure this reflects the design intent.
set_output_delay -clock clk 0.500 [all_outputs]
/home/vboxuser/HFT/fpga-tick-to-trade/rtl/top.xdc (Line: 46)
Related violations: <none>

XDCH-2#114 Warning
Same min and max delay values on IO port  
The same output delay of 0.500 ns has been defined on port 'm_axis_tdata[47]' relative to clock clk for both max and min. Make sure this reflects the design intent.
set_output_delay -clock clk 0.500 [all_outputs]
/home/vboxuser/HFT/fpga-tick-to-trade/rtl/top.xdc (Line: 46)
Related violations: <none>

XDCH-2#115 Warning
Same min and max delay values on IO port  
The same output delay of 0.500 ns has been defined on port 'm_axis_tdata[48]' relative to clock clk for both max and min. Make sure this reflects the design intent.
set_output_delay -clock clk 0.500 [all_outputs]
/home/vboxuser/HFT/fpga-tick-to-trade/rtl/top.xdc (Line: 46)
Related violations: <none>

XDCH-2#116 Warning
Same min and max delay values on IO port  
The same output delay of 0.500 ns has been defined on port 'm_axis_tdata[49]' relative to clock clk for both max and min. Make sure this reflects the design intent.
set_output_delay -clock clk 0.500 [all_outputs]
/home/vboxuser/HFT/fpga-tick-to-trade/rtl/top.xdc (Line: 46)
Related violations: <none>

XDCH-2#117 Warning
Same min and max delay values on IO port  
The same output delay of 0.500 ns has been defined on port 'm_axis_tdata[4]' relative to clock clk for both max and min. Make sure this reflects the design intent.
set_output_delay -clock clk 0.500 [all_outputs]
/home/vboxuser/HFT/fpga-tick-to-trade/rtl/top.xdc (Line: 46)
Related violations: <none>

XDCH-2#118 Warning
Same min and max delay values on IO port  
The same output delay of 0.500 ns has been defined on port 'm_axis_tdata[50]' relative to clock clk for both max and min. Make sure this reflects the design intent.
set_output_delay -clock clk 0.500 [all_outputs]
/home/vboxuser/HFT/fpga-tick-to-trade/rtl/top.xdc (Line: 46)
Related violations: <none>

XDCH-2#119 Warning
Same min and max delay values on IO port  
The same output delay of 0.500 ns has been defined on port 'm_axis_tdata[51]' relative to clock clk for both max and min. Make sure this reflects the design intent.
set_output_delay -clock clk 0.500 [all_outputs]
/home/vboxuser/HFT/fpga-tick-to-trade/rtl/top.xdc (Line: 46)
Related violations: <none>

XDCH-2#120 Warning
Same min and max delay values on IO port  
The same output delay of 0.500 ns has been defined on port 'm_axis_tdata[52]' relative to clock clk for both max and min. Make sure this reflects the design intent.
set_output_delay -clock clk 0.500 [all_outputs]
/home/vboxuser/HFT/fpga-tick-to-trade/rtl/top.xdc (Line: 46)
Related violations: <none>

XDCH-2#121 Warning
Same min and max delay values on IO port  
The same output delay of 0.500 ns has been defined on port 'm_axis_tdata[53]' relative to clock clk for both max and min. Make sure this reflects the design intent.
set_output_delay -clock clk 0.500 [all_outputs]
/home/vboxuser/HFT/fpga-tick-to-trade/rtl/top.xdc (Line: 46)
Related violations: <none>

XDCH-2#122 Warning
Same min and max delay values on IO port  
The same output delay of 0.500 ns has been defined on port 'm_axis_tdata[54]' relative to clock clk for both max and min. Make sure this reflects the design intent.
set_output_delay -clock clk 0.500 [all_outputs]
/home/vboxuser/HFT/fpga-tick-to-trade/rtl/top.xdc (Line: 46)
Related violations: <none>

XDCH-2#123 Warning
Same min and max delay values on IO port  
The same output delay of 0.500 ns has been defined on port 'm_axis_tdata[55]' relative to clock clk for both max and min. Make sure this reflects the design intent.
set_output_delay -clock clk 0.500 [all_outputs]
/home/vboxuser/HFT/fpga-tick-to-trade/rtl/top.xdc (Line: 46)
Related violations: <none>

XDCH-2#124 Warning
Same min and max delay values on IO port  
The same output delay of 0.500 ns has been defined on port 'm_axis_tdata[56]' relative to clock clk for both max and min. Make sure this reflects the design intent.
set_output_delay -clock clk 0.500 [all_outputs]
/home/vboxuser/HFT/fpga-tick-to-trade/rtl/top.xdc (Line: 46)
Related violations: <none>

XDCH-2#125 Warning
Same min and max delay values on IO port  
The same output delay of 0.500 ns has been defined on port 'm_axis_tdata[57]' relative to clock clk for both max and min. Make sure this reflects the design intent.
set_output_delay -clock clk 0.500 [all_outputs]
/home/vboxuser/HFT/fpga-tick-to-trade/rtl/top.xdc (Line: 46)
Related violations: <none>

XDCH-2#126 Warning
Same min and max delay values on IO port  
The same output delay of 0.500 ns has been defined on port 'm_axis_tdata[58]' relative to clock clk for both max and min. Make sure this reflects the design intent.
set_output_delay -clock clk 0.500 [all_outputs]
/home/vboxuser/HFT/fpga-tick-to-trade/rtl/top.xdc (Line: 46)
Related violations: <none>

XDCH-2#127 Warning
Same min and max delay values on IO port  
The same output delay of 0.500 ns has been defined on port 'm_axis_tdata[59]' relative to clock clk for both max and min. Make sure this reflects the design intent.
set_output_delay -clock clk 0.500 [all_outputs]
/home/vboxuser/HFT/fpga-tick-to-trade/rtl/top.xdc (Line: 46)
Related violations: <none>

XDCH-2#128 Warning
Same min and max delay values on IO port  
The same output delay of 0.500 ns has been defined on port 'm_axis_tdata[5]' relative to clock clk for both max and min. Make sure this reflects the design intent.
set_output_delay -clock clk 0.500 [all_outputs]
/home/vboxuser/HFT/fpga-tick-to-trade/rtl/top.xdc (Line: 46)
Related violations: <none>

XDCH-2#129 Warning
Same min and max delay values on IO port  
The same output delay of 0.500 ns has been defined on port 'm_axis_tdata[60]' relative to clock clk for both max and min. Make sure this reflects the design intent.
set_output_delay -clock clk 0.500 [all_outputs]
/home/vboxuser/HFT/fpga-tick-to-trade/rtl/top.xdc (Line: 46)
Related violations: <none>

XDCH-2#130 Warning
Same min and max delay values on IO port  
The same output delay of 0.500 ns has been defined on port 'm_axis_tdata[61]' relative to clock clk for both max and min. Make sure this reflects the design intent.
set_output_delay -clock clk 0.500 [all_outputs]
/home/vboxuser/HFT/fpga-tick-to-trade/rtl/top.xdc (Line: 46)
Related violations: <none>

XDCH-2#131 Warning
Same min and max delay values on IO port  
The same output delay of 0.500 ns has been defined on port 'm_axis_tdata[62]' relative to clock clk for both max and min. Make sure this reflects the design intent.
set_output_delay -clock clk 0.500 [all_outputs]
/home/vboxuser/HFT/fpga-tick-to-trade/rtl/top.xdc (Line: 46)
Related violations: <none>

XDCH-2#132 Warning
Same min and max delay values on IO port  
The same output delay of 0.500 ns has been defined on port 'm_axis_tdata[63]' relative to clock clk for both max and min. Make sure this reflects the design intent.
set_output_delay -clock clk 0.500 [all_outputs]
/home/vboxuser/HFT/fpga-tick-to-trade/rtl/top.xdc (Line: 46)
Related violations: <none>

XDCH-2#133 Warning
Same min and max delay values on IO port  
The same output delay of 0.500 ns has been defined on port 'm_axis_tdata[64]' relative to clock clk for both max and min. Make sure this reflects the design intent.
set_output_delay -clock clk 0.500 [all_outputs]
/home/vboxuser/HFT/fpga-tick-to-trade/rtl/top.xdc (Line: 46)
Related violations: <none>

XDCH-2#134 Warning
Same min and max delay values on IO port  
The same output delay of 0.500 ns has been defined on port 'm_axis_tdata[65]' relative to clock clk for both max and min. Make sure this reflects the design intent.
set_output_delay -clock clk 0.500 [all_outputs]
/home/vboxuser/HFT/fpga-tick-to-trade/rtl/top.xdc (Line: 46)
Related violations: <none>

XDCH-2#135 Warning
Same min and max delay values on IO port  
The same output delay of 0.500 ns has been defined on port 'm_axis_tdata[66]' relative to clock clk for both max and min. Make sure this reflects the design intent.
set_output_delay -clock clk 0.500 [all_outputs]
/home/vboxuser/HFT/fpga-tick-to-trade/rtl/top.xdc (Line: 46)
Related violations: <none>

XDCH-2#136 Warning
Same min and max delay values on IO port  
The same output delay of 0.500 ns has been defined on port 'm_axis_tdata[67]' relative to clock clk for both max and min. Make sure this reflects the design intent.
set_output_delay -clock clk 0.500 [all_outputs]
/home/vboxuser/HFT/fpga-tick-to-trade/rtl/top.xdc (Line: 46)
Related violations: <none>

XDCH-2#137 Warning
Same min and max delay values on IO port  
The same output delay of 0.500 ns has been defined on port 'm_axis_tdata[68]' relative to clock clk for both max and min. Make sure this reflects the design intent.
set_output_delay -clock clk 0.500 [all_outputs]
/home/vboxuser/HFT/fpga-tick-to-trade/rtl/top.xdc (Line: 46)
Related violations: <none>

XDCH-2#138 Warning
Same min and max delay values on IO port  
The same output delay of 0.500 ns has been defined on port 'm_axis_tdata[69]' relative to clock clk for both max and min. Make sure this reflects the design intent.
set_output_delay -clock clk 0.500 [all_outputs]
/home/vboxuser/HFT/fpga-tick-to-trade/rtl/top.xdc (Line: 46)
Related violations: <none>

XDCH-2#139 Warning
Same min and max delay values on IO port  
The same output delay of 0.500 ns has been defined on port 'm_axis_tdata[6]' relative to clock clk for both max and min. Make sure this reflects the design intent.
set_output_delay -clock clk 0.500 [all_outputs]
/home/vboxuser/HFT/fpga-tick-to-trade/rtl/top.xdc (Line: 46)
Related violations: <none>

XDCH-2#140 Warning
Same min and max delay values on IO port  
The same output delay of 0.500 ns has been defined on port 'm_axis_tdata[70]' relative to clock clk for both max and min. Make sure this reflects the design intent.
set_output_delay -clock clk 0.500 [all_outputs]
/home/vboxuser/HFT/fpga-tick-to-trade/rtl/top.xdc (Line: 46)
Related violations: <none>

XDCH-2#141 Warning
Same min and max delay values on IO port  
The same output delay of 0.500 ns has been defined on port 'm_axis_tdata[71]' relative to clock clk for both max and min. Make sure this reflects the design intent.
set_output_delay -clock clk 0.500 [all_outputs]
/home/vboxuser/HFT/fpga-tick-to-trade/rtl/top.xdc (Line: 46)
Related violations: <none>

XDCH-2#142 Warning
Same min and max delay values on IO port  
The same output delay of 0.500 ns has been defined on port 'm_axis_tdata[7]' relative to clock clk for both max and min. Make sure this reflects the design intent.
set_output_delay -clock clk 0.500 [all_outputs]
/home/vboxuser/HFT/fpga-tick-to-trade/rtl/top.xdc (Line: 46)
Related violations: <none>

XDCH-2#143 Warning
Same min and max delay values on IO port  
The same output delay of 0.500 ns has been defined on port 'm_axis_tdata[8]' relative to clock clk for both max and min. Make sure this reflects the design intent.
set_output_delay -clock clk 0.500 [all_outputs]
/home/vboxuser/HFT/fpga-tick-to-trade/rtl/top.xdc (Line: 46)
Related violations: <none>

XDCH-2#144 Warning
Same min and max delay values on IO port  
The same output delay of 0.500 ns has been defined on port 'm_axis_tdata[9]' relative to clock clk for both max and min. Make sure this reflects the design intent.
set_output_delay -clock clk 0.500 [all_outputs]
/home/vboxuser/HFT/fpga-tick-to-trade/rtl/top.xdc (Line: 46)
Related violations: <none>

XDCH-2#145 Warning
Same min and max delay values on IO port  
The same output delay of 0.500 ns has been defined on port 'm_axis_tlast' relative to clock clk for both max and min. Make sure this reflects the design intent.
set_output_delay -clock clk 0.500 [all_outputs]
/home/vboxuser/HFT/fpga-tick-to-trade/rtl/top.xdc (Line: 46)
Related violations: <none>

XDCH-2#146 Warning
Same min and max delay values on IO port  
The same output delay of 0.500 ns has been defined on port 'm_axis_tvalid' relative to clock clk for both max and min. Make sure this reflects the design intent.
set_output_delay -clock clk 0.500 [all_outputs]
/home/vboxuser/HFT/fpga-tick-to-trade/rtl/top.xdc (Line: 46)
Related violations: <none>

XDCH-2#147 Warning
Same min and max delay values on IO port  
The same output delay of 0.500 ns has been defined on port 'risk_reason[0]' relative to clock clk for both max and min. Make sure this reflects the design intent.
set_output_delay -clock clk 0.500 [all_outputs]
/home/vboxuser/HFT/fpga-tick-to-trade/rtl/top.xdc (Line: 46)
Related violations: <none>

XDCH-2#148 Warning
Same min and max delay values on IO port  
The same output delay of 0.500 ns has been defined on port 'risk_reason[1]' relative to clock clk for both max and min. Make sure this reflects the design intent.
set_output_delay -clock clk 0.500 [all_outputs]
/home/vboxuser/HFT/fpga-tick-to-trade/rtl/top.xdc (Line: 46)
Related violations: <none>

XDCH-2#149 Warning
Same min and max delay values on IO port  
The same output delay of 0.500 ns has been defined on port 'risk_reason[2]' relative to clock clk for both max and min. Make sure this reflects the design intent.
set_output_delay -clock clk 0.500 [all_outputs]
/home/vboxuser/HFT/fpga-tick-to-trade/rtl/top.xdc (Line: 46)
Related violations: <none>

XDCH-2#150 Warning
Same min and max delay values on IO port  
The same output delay of 0.500 ns has been defined on port 'risk_reject' relative to clock clk for both max and min. Make sure this reflects the design intent.
set_output_delay -clock clk 0.500 [all_outputs]
/home/vboxuser/HFT/fpga-tick-to-trade/rtl/top.xdc (Line: 46)
Related violations: <none>

XDCH-2#151 Warning
Same min and max delay values on IO port  
The same output delay of 0.500 ns has been defined on port 's_axil_arready' relative to clock clk for both max and min. Make sure this reflects the design intent.
set_output_delay -clock clk 0.500 [all_outputs]
/home/vboxuser/HFT/fpga-tick-to-trade/rtl/top.xdc (Line: 46)
Related violations: <none>

XDCH-2#152 Warning
Same min and max delay values on IO port  
The same output delay of 0.500 ns has been defined on port 's_axil_awready' relative to clock clk for both max and min. Make sure this reflects the design intent.
set_output_delay -clock clk 0.500 [all_outputs]
/home/vboxuser/HFT/fpga-tick-to-trade/rtl/top.xdc (Line: 46)
Related violations: <none>

XDCH-2#153 Warning
Same min and max delay values on IO port  
The same output delay of 0.500 ns has been defined on port 's_axil_bresp[0]' relative to clock clk for both max and min. Make sure this reflects the design intent.
set_output_delay -clock clk 0.500 [all_outputs]
/home/vboxuser/HFT/fpga-tick-to-trade/rtl/top.xdc (Line: 46)
Related violations: <none>

XDCH-2#154 Warning
Same min and max delay values on IO port  
The same output delay of 0.500 ns has been defined on port 's_axil_bresp[1]' relative to clock clk for both max and min. Make sure this reflects the design intent.
set_output_delay -clock clk 0.500 [all_outputs]
/home/vboxuser/HFT/fpga-tick-to-trade/rtl/top.xdc (Line: 46)
Related violations: <none>

XDCH-2#155 Warning
Same min and max delay values on IO port  
The same output delay of 0.500 ns has been defined on port 's_axil_bvalid' relative to clock clk for both max and min. Make sure this reflects the design intent.
set_output_delay -clock clk 0.500 [all_outputs]
/home/vboxuser/HFT/fpga-tick-to-trade/rtl/top.xdc (Line: 46)
Related violations: <none>

XDCH-2#156 Warning
Same min and max delay values on IO port  
The same output delay of 0.500 ns has been defined on port 's_axil_rdata[0]' relative to clock clk for both max and min. Make sure this reflects the design intent.
set_output_delay -clock clk 0.500 [all_outputs]
/home/vboxuser/HFT/fpga-tick-to-trade/rtl/top.xdc (Line: 46)
Related violations: <none>

XDCH-2#157 Warning
Same min and max delay values on IO port  
The same output delay of 0.500 ns has been defined on port 's_axil_rdata[10]' relative to clock clk for both max and min. Make sure this reflects the design intent.
set_output_delay -clock clk 0.500 [all_outputs]
/home/vboxuser/HFT/fpga-tick-to-trade/rtl/top.xdc (Line: 46)
Related violations: <none>

XDCH-2#158 Warning
Same min and max delay values on IO port  
The same output delay of 0.500 ns has been defined on port 's_axil_rdata[11]' relative to clock clk for both max and min. Make sure this reflects the design intent.
set_output_delay -clock clk 0.500 [all_outputs]
/home/vboxuser/HFT/fpga-tick-to-trade/rtl/top.xdc (Line: 46)
Related violations: <none>

XDCH-2#159 Warning
Same min and max delay values on IO port  
The same output delay of 0.500 ns has been defined on port 's_axil_rdata[12]' relative to clock clk for both max and min. Make sure this reflects the design intent.
set_output_delay -clock clk 0.500 [all_outputs]
/home/vboxuser/HFT/fpga-tick-to-trade/rtl/top.xdc (Line: 46)
Related violations: <none>

XDCH-2#160 Warning
Same min and max delay values on IO port  
The same output delay of 0.500 ns has been defined on port 's_axil_rdata[13]' relative to clock clk for both max and min. Make sure this reflects the design intent.
set_output_delay -clock clk 0.500 [all_outputs]
/home/vboxuser/HFT/fpga-tick-to-trade/rtl/top.xdc (Line: 46)
Related violations: <none>

XDCH-2#161 Warning
Same min and max delay values on IO port  
The same output delay of 0.500 ns has been defined on port 's_axil_rdata[14]' relative to clock clk for both max and min. Make sure this reflects the design intent.
set_output_delay -clock clk 0.500 [all_outputs]
/home/vboxuser/HFT/fpga-tick-to-trade/rtl/top.xdc (Line: 46)
Related violations: <none>

XDCH-2#162 Warning
Same min and max delay values on IO port  
The same output delay of 0.500 ns has been defined on port 's_axil_rdata[15]' relative to clock clk for both max and min. Make sure this reflects the design intent.
set_output_delay -clock clk 0.500 [all_outputs]
/home/vboxuser/HFT/fpga-tick-to-trade/rtl/top.xdc (Line: 46)
Related violations: <none>

XDCH-2#163 Warning
Same min and max delay values on IO port  
The same output delay of 0.500 ns has been defined on port 's_axil_rdata[16]' relative to clock clk for both max and min. Make sure this reflects the design intent.
set_output_delay -clock clk 0.500 [all_outputs]
/home/vboxuser/HFT/fpga-tick-to-trade/rtl/top.xdc (Line: 46)
Related violations: <none>

XDCH-2#164 Warning
Same min and max delay values on IO port  
The same output delay of 0.500 ns has been defined on port 's_axil_rdata[17]' relative to clock clk for both max and min. Make sure this reflects the design intent.
set_output_delay -clock clk 0.500 [all_outputs]
/home/vboxuser/HFT/fpga-tick-to-trade/rtl/top.xdc (Line: 46)
Related violations: <none>

XDCH-2#165 Warning
Same min and max delay values on IO port  
The same output delay of 0.500 ns has been defined on port 's_axil_rdata[18]' relative to clock clk for both max and min. Make sure this reflects the design intent.
set_output_delay -clock clk 0.500 [all_outputs]
/home/vboxuser/HFT/fpga-tick-to-trade/rtl/top.xdc (Line: 46)
Related violations: <none>

XDCH-2#166 Warning
Same min and max delay values on IO port  
The same output delay of 0.500 ns has been defined on port 's_axil_rdata[19]' relative to clock clk for both max and min. Make sure this reflects the design intent.
set_output_delay -clock clk 0.500 [all_outputs]
/home/vboxuser/HFT/fpga-tick-to-trade/rtl/top.xdc (Line: 46)
Related violations: <none>

XDCH-2#167 Warning
Same min and max delay values on IO port  
The same output delay of 0.500 ns has been defined on port 's_axil_rdata[1]' relative to clock clk for both max and min. Make sure this reflects the design intent.
set_output_delay -clock clk 0.500 [all_outputs]
/home/vboxuser/HFT/fpga-tick-to-trade/rtl/top.xdc (Line: 46)
Related violations: <none>

XDCH-2#168 Warning
Same min and max delay values on IO port  
The same output delay of 0.500 ns has been defined on port 's_axil_rdata[20]' relative to clock clk for both max and min. Make sure this reflects the design intent.
set_output_delay -clock clk 0.500 [all_outputs]
/home/vboxuser/HFT/fpga-tick-to-trade/rtl/top.xdc (Line: 46)
Related violations: <none>

XDCH-2#169 Warning
Same min and max delay values on IO port  
The same output delay of 0.500 ns has been defined on port 's_axil_rdata[21]' relative to clock clk for both max and min. Make sure this reflects the design intent.
set_output_delay -clock clk 0.500 [all_outputs]
/home/vboxuser/HFT/fpga-tick-to-trade/rtl/top.xdc (Line: 46)
Related violations: <none>

XDCH-2#170 Warning
Same min and max delay values on IO port  
The same output delay of 0.500 ns has been defined on port 's_axil_rdata[22]' relative to clock clk for both max and min. Make sure this reflects the design intent.
set_output_delay -clock clk 0.500 [all_outputs]
/home/vboxuser/HFT/fpga-tick-to-trade/rtl/top.xdc (Line: 46)
Related violations: <none>

XDCH-2#171 Warning
Same min and max delay values on IO port  
The same output delay of 0.500 ns has been defined on port 's_axil_rdata[23]' relative to clock clk for both max and min. Make sure this reflects the design intent.
set_output_delay -clock clk 0.500 [all_outputs]
/home/vboxuser/HFT/fpga-tick-to-trade/rtl/top.xdc (Line: 46)
Related violations: <none>

XDCH-2#172 Warning
Same min and max delay values on IO port  
The same output delay of 0.500 ns has been defined on port 's_axil_rdata[24]' relative to clock clk for both max and min. Make sure this reflects the design intent.
set_output_delay -clock clk 0.500 [all_outputs]
/home/vboxuser/HFT/fpga-tick-to-trade/rtl/top.xdc (Line: 46)
Related violations: <none>

XDCH-2#173 Warning
Same min and max delay values on IO port  
The same output delay of 0.500 ns has been defined on port 's_axil_rdata[25]' relative to clock clk for both max and min. Make sure this reflects the design intent.
set_output_delay -clock clk 0.500 [all_outputs]
/home/vboxuser/HFT/fpga-tick-to-trade/rtl/top.xdc (Line: 46)
Related violations: <none>

XDCH-2#174 Warning
Same min and max delay values on IO port  
The same output delay of 0.500 ns has been defined on port 's_axil_rdata[26]' relative to clock clk for both max and min. Make sure this reflects the design intent.
set_output_delay -clock clk 0.500 [all_outputs]
/home/vboxuser/HFT/fpga-tick-to-trade/rtl/top.xdc (Line: 46)
Related violations: <none>

XDCH-2#175 Warning
Same min and max delay values on IO port  
The same output delay of 0.500 ns has been defined on port 's_axil_rdata[27]' relative to clock clk for both max and min. Make sure this reflects the design intent.
set_output_delay -clock clk 0.500 [all_outputs]
/home/vboxuser/HFT/fpga-tick-to-trade/rtl/top.xdc (Line: 46)
Related violations: <none>

XDCH-2#176 Warning
Same min and max delay values on IO port  
The same output delay of 0.500 ns has been defined on port 's_axil_rdata[28]' relative to clock clk for both max and min. Make sure this reflects the design intent.
set_output_delay -clock clk 0.500 [all_outputs]
/home/vboxuser/HFT/fpga-tick-to-trade/rtl/top.xdc (Line: 46)
Related violations: <none>

XDCH-2#177 Warning
Same min and max delay values on IO port  
The same output delay of 0.500 ns has been defined on port 's_axil_rdata[29]' relative to clock clk for both max and min. Make sure this reflects the design intent.
set_output_delay -clock clk 0.500 [all_outputs]
/home/vboxuser/HFT/fpga-tick-to-trade/rtl/top.xdc (Line: 46)
Related violations: <none>

XDCH-2#178 Warning
Same min and max delay values on IO port  
The same output delay of 0.500 ns has been defined on port 's_axil_rdata[2]' relative to clock clk for both max and min. Make sure this reflects the design intent.
set_output_delay -clock clk 0.500 [all_outputs]
/home/vboxuser/HFT/fpga-tick-to-trade/rtl/top.xdc (Line: 46)
Related violations: <none>

XDCH-2#179 Warning
Same min and max delay values on IO port  
The same output delay of 0.500 ns has been defined on port 's_axil_rdata[30]' relative to clock clk for both max and min. Make sure this reflects the design intent.
set_output_delay -clock clk 0.500 [all_outputs]
/home/vboxuser/HFT/fpga-tick-to-trade/rtl/top.xdc (Line: 46)
Related violations: <none>

XDCH-2#180 Warning
Same min and max delay values on IO port  
The same output delay of 0.500 ns has been defined on port 's_axil_rdata[31]' relative to clock clk for both max and min. Make sure this reflects the design intent.
set_output_delay -clock clk 0.500 [all_outputs]
/home/vboxuser/HFT/fpga-tick-to-trade/rtl/top.xdc (Line: 46)
Related violations: <none>

XDCH-2#181 Warning
Same min and max delay values on IO port  
The same output delay of 0.500 ns has been defined on port 's_axil_rdata[3]' relative to clock clk for both max and min. Make sure this reflects the design intent.
set_output_delay -clock clk 0.500 [all_outputs]
/home/vboxuser/HFT/fpga-tick-to-trade/rtl/top.xdc (Line: 46)
Related violations: <none>

XDCH-2#182 Warning
Same min and max delay values on IO port  
The same output delay of 0.500 ns has been defined on port 's_axil_rdata[4]' relative to clock clk for both max and min. Make sure this reflects the design intent.
set_output_delay -clock clk 0.500 [all_outputs]
/home/vboxuser/HFT/fpga-tick-to-trade/rtl/top.xdc (Line: 46)
Related violations: <none>

XDCH-2#183 Warning
Same min and max delay values on IO port  
The same output delay of 0.500 ns has been defined on port 's_axil_rdata[5]' relative to clock clk for both max and min. Make sure this reflects the design intent.
set_output_delay -clock clk 0.500 [all_outputs]
/home/vboxuser/HFT/fpga-tick-to-trade/rtl/top.xdc (Line: 46)
Related violations: <none>

XDCH-2#184 Warning
Same min and max delay values on IO port  
The same output delay of 0.500 ns has been defined on port 's_axil_rdata[6]' relative to clock clk for both max and min. Make sure this reflects the design intent.
set_output_delay -clock clk 0.500 [all_outputs]
/home/vboxuser/HFT/fpga-tick-to-trade/rtl/top.xdc (Line: 46)
Related violations: <none>

XDCH-2#185 Warning
Same min and max delay values on IO port  
The same output delay of 0.500 ns has been defined on port 's_axil_rdata[7]' relative to clock clk for both max and min. Make sure this reflects the design intent.
set_output_delay -clock clk 0.500 [all_outputs]
/home/vboxuser/HFT/fpga-tick-to-trade/rtl/top.xdc (Line: 46)
Related violations: <none>

XDCH-2#186 Warning
Same min and max delay values on IO port  
The same output delay of 0.500 ns has been defined on port 's_axil_rdata[8]' relative to clock clk for both max and min. Make sure this reflects the design intent.
set_output_delay -clock clk 0.500 [all_outputs]
/home/vboxuser/HFT/fpga-tick-to-trade/rtl/top.xdc (Line: 46)
Related violations: <none>

XDCH-2#187 Warning
Same min and max delay values on IO port  
The same output delay of 0.500 ns has been defined on port 's_axil_rdata[9]' relative to clock clk for both max and min. Make sure this reflects the design intent.
set_output_delay -clock clk 0.500 [all_outputs]
/home/vboxuser/HFT/fpga-tick-to-trade/rtl/top.xdc (Line: 46)
Related violations: <none>

XDCH-2#188 Warning
Same min and max delay values on IO port  
The same output delay of 0.500 ns has been defined on port 's_axil_rresp[0]' relative to clock clk for both max and min. Make sure this reflects the design intent.
set_output_delay -clock clk 0.500 [all_outputs]
/home/vboxuser/HFT/fpga-tick-to-trade/rtl/top.xdc (Line: 46)
Related violations: <none>

XDCH-2#189 Warning
Same min and max delay values on IO port  
The same output delay of 0.500 ns has been defined on port 's_axil_rresp[1]' relative to clock clk for both max and min. Make sure this reflects the design intent.
set_output_delay -clock clk 0.500 [all_outputs]
/home/vboxuser/HFT/fpga-tick-to-trade/rtl/top.xdc (Line: 46)
Related violations: <none>

XDCH-2#190 Warning
Same min and max delay values on IO port  
The same output delay of 0.500 ns has been defined on port 's_axil_rvalid' relative to clock clk for both max and min. Make sure this reflects the design intent.
set_output_delay -clock clk 0.500 [all_outputs]
/home/vboxuser/HFT/fpga-tick-to-trade/rtl/top.xdc (Line: 46)
Related violations: <none>

XDCH-2#191 Warning
Same min and max delay values on IO port  
The same output delay of 0.500 ns has been defined on port 's_axil_wready' relative to clock clk for both max and min. Make sure this reflects the design intent.
set_output_delay -clock clk 0.500 [all_outputs]
/home/vboxuser/HFT/fpga-tick-to-trade/rtl/top.xdc (Line: 46)
Related violations: <none>

XDCH-2#192 Warning
Same min and max delay values on IO port  
The same output delay of 0.500 ns has been defined on port 's_axis_tready' relative to clock clk for both max and min. Make sure this reflects the design intent.
set_output_delay -clock clk 0.500 [all_outputs]
/home/vboxuser/HFT/fpga-tick-to-trade/rtl/top.xdc (Line: 46)
Related violations: <none>


